<?xml version="1.0" encoding="UTF-8"?>
<!-- Generated by org.testng.reporters.JUnitXMLReporter -->
<testsuite hostname="DESKTOP-6EN4JMV" ignored="0" name="Surefire test" tests="6" failures="0" timestamp="2021-09-14T22:59:48 ART" time="0.069" errors="0">
  <testcase name="deleteTwitter" time="0.006" classname="mavenProject.MavenAutomation.APITest"/>
  <testcase name="postJira" time="0.001" classname="mavenProject.MavenAutomation.APITest"/>
  <testcase name="iosApp" time="0.001" classname="mavenProject.MavenAutomation.AppiumTest"/>
  <testcase name="nativeAppAndroid" time="0.0" classname="mavenProject.MavenAutomation.AppiumTest"/>
  <testcase name="BrowserAutomation" time="0.0" classname="mavenProject.MavenAutomation.SeleniumTest"/>
  <testcase name="elementsUI" time="0.0" classname="mavenProject.MavenAutomation.SeleniumTest"/>
</testsuite> <!-- Surefire test -->
