<?xml version="1.0" encoding="UTF-8"?>
<!-- Generated by org.testng.reporters.JUnitXMLReporter -->
<testsuite hostname="DESKTOP-6EN4JMV" ignored="0" name="Test" tests="4" failures="0" timestamp="2021-09-15T20:27:24 ART" time="0.097" errors="0">
  <testcase name="BrowserAutomation" time="0.01" classname="mavenProject.MavenAutomation.SeleniumTest"/>
  <testcase name="elementsUI" time="0.002" classname="mavenProject.MavenAutomation.SeleniumTest"/>
  <testcase name="deleteTwitter" time="0.001" classname="mavenProject.MavenAutomation.APITest"/>
  <testcase name="postJira" time="0.001" classname="mavenProject.MavenAutomation.APITest"/>
</testsuite> <!-- Test -->
