<?xml version="1.0" encoding="UTF-8"?>
<testng-results skipped="0" failed="0" ignored="0" total="4" passed="4">
  <reporter-output>
  </reporter-output>
  <suite name="Suite" duration-ms="128" started-at="2021-09-15T20:25:46 ART" finished-at="2021-09-15T20:25:46 ART">
    <groups>
    </groups>
    <test name="Test" duration-ms="128" started-at="2021-09-15T20:25:46 ART" finished-at="2021-09-15T20:25:46 ART">
      <class name="mavenProject.MavenAutomation.SeleniumTest">
        <test-method status="PASS" signature="BrowserAutomation()[pri:0, instance:mavenProject.MavenAutomation.SeleniumTest@6b57696f]" name="BrowserAutomation" duration-ms="28" started-at="2021-09-15T20:25:46 ART" finished-at="2021-09-15T20:25:46 ART">
          <reporter-output>
          </reporter-output>
        </test-method> <!-- BrowserAutomation -->
        <test-method status="PASS" signature="elementsUI()[pri:0, instance:mavenProject.MavenAutomation.SeleniumTest@6b57696f]" name="elementsUI" duration-ms="1" started-at="2021-09-15T20:25:46 ART" finished-at="2021-09-15T20:25:46 ART">
          <reporter-output>
          </reporter-output>
        </test-method> <!-- elementsUI -->
      </class> <!-- mavenProject.MavenAutomation.SeleniumTest -->
      <class name="mavenProject.MavenAutomation.APITest">
        <test-method status="PASS" signature="deleteTwitter()[pri:0, instance:mavenProject.MavenAutomation.APITest@7113b13f]" name="deleteTwitter" duration-ms="2" started-at="2021-09-15T20:25:46 ART" finished-at="2021-09-15T20:25:46 ART">
          <reporter-output>
          </reporter-output>
        </test-method> <!-- deleteTwitter -->
        <test-method status="PASS" signature="postJira()[pri:0, instance:mavenProject.MavenAutomation.APITest@7113b13f]" name="postJira" duration-ms="2" started-at="2021-09-15T20:25:46 ART" finished-at="2021-09-15T20:25:46 ART">
          <reporter-output>
          </reporter-output>
        </test-method> <!-- postJira -->
      </class> <!-- mavenProject.MavenAutomation.APITest -->
    </test> <!-- Test -->
  </suite> <!-- Suite -->
</testng-results>
